<?xml version="1.0" encoding="UTF-8"?>
<!-- Generated by org.testng.reporters.JUnitXMLReporter -->
<testsuite hostname="EPINHYDW1504" ignored="0" name="BasicTests" tests="3" failures="0" timestamp="23 Dec 2019 09:17:09 GMT" time="0.038" errors="0">
  <testcase name="testAddition" time="0.011" classname="com.epam.ReportPortalDemo.CalculatorTest"/>
  <testcase name="testNothing" time="0.001" classname="com.epam.ReportPortalDemo.CalculatorTest"/>
  <testcase name="testSubtraction" time="0.001" classname="com.epam.ReportPortalDemo.CalculatorTest"/>
</testsuite> <!-- BasicTests -->
