<?xml version="1.0" encoding="UTF-8"?>
<testng-results skipped="0" failed="0" ignored="0" total="3" passed="3">
  <reporter-output>
  </reporter-output>
  <suite name="Calculator Tests" duration-ms="38" started-at="2019-12-23T09:17:09Z" finished-at="2019-12-23T09:17:09Z">
    <groups>
    </groups>
    <test name="BasicTests" duration-ms="38" started-at="2019-12-23T09:17:09Z" finished-at="2019-12-23T09:17:09Z">
      <class name="com.epam.ReportPortalDemo.CalculatorTest">
        <test-method status="PASS" signature="testAddition()[pri:0, instance:com.epam.ReportPortalDemo.CalculatorTest@15bb5034]" name="testAddition" duration-ms="11" started-at="2019-12-23T09:17:09Z" finished-at="2019-12-23T09:17:09Z">
          <reporter-output>
          </reporter-output>
        </test-method> <!-- testAddition -->
        <test-method status="PASS" signature="testNothing()[pri:0, instance:com.epam.ReportPortalDemo.CalculatorTest@15bb5034]" name="testNothing" duration-ms="1" started-at="2019-12-23T09:17:09Z" finished-at="2019-12-23T09:17:09Z">
          <reporter-output>
          </reporter-output>
        </test-method> <!-- testNothing -->
        <test-method status="PASS" signature="testSubtraction()[pri:0, instance:com.epam.ReportPortalDemo.CalculatorTest@15bb5034]" name="testSubtraction" duration-ms="1" started-at="2019-12-23T09:17:09Z" finished-at="2019-12-23T09:17:09Z">
          <reporter-output>
          </reporter-output>
        </test-method> <!-- testSubtraction -->
      </class> <!-- com.epam.ReportPortalDemo.CalculatorTest -->
    </test> <!-- BasicTests -->
  </suite> <!-- Calculator Tests -->
</testng-results>
